WARNING: A terminally deprecated method in sun.misc.Unsafe has been called
WARNING: sun.misc.Unsafe::staticFieldBase has been called by com.google.inject.internal.aop.HiddenClassDefiner (file:/opt/homebrew/Cellar/maven/3.9.11/libexec/lib/guice-5.1.0-classes.jar)
WARNING: Please consider reporting this to the maintainers of class com.google.inject.internal.aop.HiddenClassDefiner
WARNING: sun.misc.Unsafe::staticFieldBase will be removed in a future release
[INFO] Scanning for projects...
[INFO] 
[INFO] -----------------------< com.management:library >-----------------------
[INFO] Building library 0.0.1-SNAPSHOT
[INFO]   from pom.xml
[INFO] --------------------------------[ jar ]---------------------------------
[INFO] 
[INFO] >>> spring-boot:3.5.5:run (default-cli) > test-compile @ library >>>
[INFO] 
[INFO] --- resources:3.3.1:resources (default-resources) @ library ---
[INFO] Copying 1 resource from src/main/resources to target/classes
[INFO] Copying 0 resource from src/main/resources to target/classes
[INFO] 
[INFO] --- compiler:3.14.0:compile (default-compile) @ library ---
[INFO] Nothing to compile - all classes are up to date.
[INFO] 
[INFO] --- resources:3.3.1:testResources (default-testResources) @ library ---
[INFO] skip non existing resourceDirectory /Users/pavanwishvajayasekara/Desktop/SE-LibraryManagementSystem copy/backend/src/test/resources
[INFO] 
[INFO] --- compiler:3.14.0:testCompile (default-testCompile) @ library ---
[INFO] Nothing to compile - all classes are up to date.
[INFO] 
[INFO] <<< spring-boot:3.5.5:run (default-cli) < test-compile @ library <<<
[INFO] 
[INFO] 
[INFO] --- spring-boot:3.5.5:run (default-cli) @ library ---
[INFO] Attaching agents: []

  .   ____          _            __ _ _
 /\\ / ___'_ __ _ _(_)_ __  __ _ \ \ \ \
( ( )\___ | '_ | '_| | '_ \/ _` | \ \ \ \
 \\/  ___)| |_)| | | | | || (_| |  ) ) ) )
  '  |____| .__|_| |_|_| |_\__, | / / / /
 =========|_|==============|___/=/_/_/_/

 :: Spring Boot ::                (v3.5.5)

2025-09-21T14:46:49.526+05:30  INFO 20154 --- [library] [           main] c.management.library.LibraryApplication  : Starting LibraryApplication using Java 24.0.2 with PID 20154 (/Users/pavanwishvajayasekara/Desktop/SE-LibraryManagementSystem copy/backend/target/classes started by pavanwishvajayasekara in /Users/pavanwishvajayasekara/Desktop/SE-LibraryManagementSystem copy/backend)
2025-09-21T14:46:49.527+05:30  INFO 20154 --- [library] [           main] c.management.library.LibraryApplication  : No active profile set, falling back to 1 default profile: "default"
2025-09-21T14:46:49.670+05:30  INFO 20154 --- [library] [           main] .s.d.r.c.RepositoryConfigurationDelegate : Bootstrapping Spring Data MongoDB repositories in DEFAULT mode.
2025-09-21T14:46:49.682+05:30  INFO 20154 --- [library] [           main] .s.d.r.c.RepositoryConfigurationDelegate : Finished Spring Data repository scanning in 10 ms. Found 1 MongoDB repository interface.
2025-09-21T14:46:49.885+05:30  INFO 20154 --- [library] [           main] o.s.b.w.embedded.tomcat.TomcatWebServer  : Tomcat initialized with port 8080 (http)
2025-09-21T14:46:49.890+05:30  INFO 20154 --- [library] [           main] o.apache.catalina.core.StandardService   : Starting service [Tomcat]
2025-09-21T14:46:49.890+05:30  INFO 20154 --- [library] [           main] o.apache.catalina.core.StandardEngine    : Starting Servlet engine: [Apache Tomcat/10.1.44]
2025-09-21T14:46:49.905+05:30  INFO 20154 --- [library] [           main] o.a.c.c.C.[Tomcat].[localhost].[/]       : Initializing Spring embedded WebApplicationContext
2025-09-21T14:46:49.905+05:30  INFO 20154 --- [library] [           main] w.s.c.ServletWebServerApplicationContext : Root WebApplicationContext: initialization completed in 364 ms
2025-09-21T14:46:49.939+05:30  WARN 20154 --- [library] [           main] ConfigServletWebServerApplicationContext : Exception encountered during context initialization - cancelling refresh attempt: org.springframework.beans.factory.UnsatisfiedDependencyException: Error creating bean with name 'borrowingController' defined in file [/Users/pavanwishvajayasekara/Desktop/SE-LibraryManagementSystem copy/backend/target/classes/com/management/library/BorrowingReservation/controller/BorrowingController.class]: Unsatisfied dependency expressed through constructor parameter 0: No qualifying bean of type 'com.management.library.BorrowingReservation.repository.BorrowingRepository' available: expected at least 1 bean which qualifies as autowire candidate. Dependency annotations: {}
2025-09-21T14:46:49.940+05:30  INFO 20154 --- [library] [           main] o.apache.catalina.core.StandardService   : Stopping service [Tomcat]
2025-09-21T14:46:49.945+05:30  INFO 20154 --- [library] [           main] .s.b.a.l.ConditionEvaluationReportLogger : 

Error starting ApplicationContext. To display the condition evaluation report re-run your application with 'debug' enabled.
2025-09-21T14:46:49.951+05:30 ERROR 20154 --- [library] [           main] o.s.b.d.LoggingFailureAnalysisReporter   : 

***************************
APPLICATION FAILED TO START
***************************

Description:

Parameter 0 of constructor in com.management.library.BorrowingReservation.controller.BorrowingController required a bean of type 'com.management.library.BorrowingReservation.repository.BorrowingRepository' that could not be found.


Action:

Consider defining a bean of type 'com.management.library.BorrowingReservation.repository.BorrowingRepository' in your configuration.

[INFO] ------------------------------------------------------------------------
[INFO] BUILD FAILURE
[INFO] ------------------------------------------------------------------------
[INFO] Total time:  1.125 s
[INFO] Finished at: 2025-09-21T14:46:49+05:30
[INFO] ------------------------------------------------------------------------
[ERROR] Failed to execute goal org.springframework.boot:spring-boot-maven-plugin:3.5.5:run (default-cli) on project library: Process terminated with exit code: 1 -> [Help 1]
[ERROR] 
[ERROR] To see the full stack trace of the errors, re-run Maven with the -e switch.
[ERROR] Re-run Maven using the -X switch to enable full debug logging.
[ERROR] 
[ERROR] For more information about the errors and possible solutions, please read the following articles:
[ERROR] [Help 1] http://cwiki.apache.org/confluence/display/MAVEN/MojoExecutionException
